# JRE version: OpenJDK Runtime Environment (11.0.2+9) (build 11.0.2+9)
# Java VM: OpenJDK 64-Bit Server VM (11.0.2+9, mixed mode, tiered, compressed oops, g1 gc, windows-amd64)
Heap:
 garbage-first heap   total 76800K, used 41740K [0x00000000c2a00000, 0x0000000100000000)
  region size 1024K, 6 young (6144K), 3 survivors (3072K)
 Metaspace       used 58753K, capacity 59789K, committed 59904K, reserved 1101824K
  class space    used 7380K, capacity 7656K, committed 7680K, reserved 1048576K
GC Heap History (10 events):
Event: 324.263 GC heap before
{Heap before GC invocations=29 (full 0):
 garbage-first heap   total 76800K, used 43132K [0x00000000c2a00000, 0x0000000100000000)
  region size 1024K, 3 young (3072K), 1 survivors (1024K)
 Metaspace       used 55347K, capacity 56113K, committed 56192K, reserved 1097728K
  class space    used 7008K, capacity 7275K, committed 7296K, reserved 1048576K
}
Event: 324.269 GC heap after
{Heap after GC invocations=30 (full 0):
 garbage-first heap   total 76800K, used 35687K [0x00000000c2a00000, 0x0000000100000000)
  region size 1024K, 1 young (1024K), 1 survivors (1024K)
 Metaspace       used 55347K, capacity 56113K, committed 56192K, reserved 1097728K
  class space    used 7008K, capacity 7275K, committed 7296K, reserved 1048576K
}
Event: 386.644 GC heap before
{Heap before GC invocations=30 (full 0):
 garbage-first heap   total 76800K, used 58215K [0x00000000c2a00000, 0x0000000100000000)
  region size 1024K, 24 young (24576K), 1 survivors (1024K)
 Metaspace       used 57160K, capacity 58051K, committed 58240K, reserved 1099776K
  class space    used 7198K, capacity 7510K, committed 7552K, reserved 1048576K
}
Event: 386.652 GC heap after
{Heap after GC invocations=31 (full 0):
 garbage-first heap   total 76800K, used 38438K [0x00000000c2a00000, 0x0000000100000000)
  region size 1024K, 3 young (3072K), 3 survivors (3072K)
 Metaspace       used 57160K, capacity 58051K, committed 58240K, reserved 1099776K
  class space    used 7198K, capacity 7510K, committed 7552K, reserved 1048576K
}
Event: 389.323 GC heap before
{Heap before GC invocations=32 (full 0):
 garbage-first heap   total 76800K, used 59942K [0x00000000c2a00000, 0x0000000100000000)
  region size 1024K, 24 young (24576K), 3 survivors (3072K)
 Metaspace       used 58468K, capacity 59533K, committed 59648K, reserved 1101824K
  class space    used 7349K, capacity 7656K, committed 7680K, reserved 1048576K
}
Event: 389.331 GC heap after
{Heap after GC invocations=33 (full 0):
 garbage-first heap   total 76800K, used 41415K [0x00000000c2a00000, 0x0000000100000000)
  region size 1024K, 2 young (2048K), 2 survivors (2048K)
 Metaspace       used 58468K, capacity 59533K, committed 59648K, reserved 1101824K
  class space    used 7349K, capacity 7656K, committed 7680K, reserved 1048576K
}
Event: 392.670 GC heap before
{Heap before GC invocations=33 (full 0):
 garbage-first heap   total 76800K, used 42439K [0x00000000c2a00000, 0x0000000100000000)
  region size 1024K, 3 young (3072K), 2 survivors (2048K)
 Metaspace       used 58543K, capacity 59597K, committed 59648K, reserved 1101824K
  class space    used 7353K, capacity 7656K, committed 7680K, reserved 1048576K
}
Event: 392.683 GC heap after
{Heap after GC invocations=34 (full 0):
 garbage-first heap   total 76800K, used 37244K [0x00000000c2a00000, 0x0000000100000000)
  region size 1024K, 1 young (1024K), 1 survivors (1024K)
 Metaspace       used 58543K, capacity 59597K, committed 59648K, reserved 1101824K
  class space    used 7353K, capacity 7656K, committed 7680K, reserved 1048576K
}
Event: 392.950 GC heap before
{Heap before GC invocations=34 (full 0):
 garbage-first heap   total 76800K, used 41340K [0x00000000c2a00000, 0x0000000100000000)
  region size 1024K, 6 young (6144K), 1 survivors (1024K)
 Metaspace       used 58703K, capacity 59789K, committed 59904K, reserved 1101824K
  class space    used 7377K, capacity 7656K, committed 7680K, reserved 1048576K
}
Event: 392.955 GC heap after
{Heap after GC invocations=35 (full 0):
 garbage-first heap   total 76800K, used 38668K [0x00000000c2a00000, 0x0000000100000000)
  region size 1024K, 3 young (3072K), 3 survivors (3072K)
 Metaspace       used 58703K, capacity 59789K, committed 59904K, reserved 1101824K
  class space    used 7377K, capacity 7656K, committed 7680K, reserved 1048576K
}

