# JRE version: OpenJDK Runtime Environment (11.0.2+9) (build 11.0.2+9)
# Java VM: OpenJDK 64-Bit Server VM (11.0.2+9, mixed mode, tiered, compressed oops, g1 gc, windows-amd64)
Heap:
 garbage-first heap   total 63488K, used 43702K [0x00000000c2a00000, 0x0000000100000000)
  region size 1024K, 4 young (4096K), 2 survivors (2048K)
 Metaspace       used 58967K, capacity 60130K, committed 60460K, reserved 1101824K
  class space    used 7409K, capacity 7696K, committed 7808K, reserved 1048576K
GC Heap History (10 events):
Event: 202.751 GC heap before
{Heap before GC invocations=40 (full 0):
 garbage-first heap   total 63488K, used 51702K [0x00000000c2a00000, 0x0000000100000000)
  region size 1024K, 13 young (13312K), 1 survivors (1024K)
 Metaspace       used 55648K, capacity 56539K, committed 56748K, reserved 1099776K
  class space    used 7077K, capacity 7372K, committed 7424K, reserved 1048576K
}
Event: 202.753 GC heap after
{Heap after GC invocations=41 (full 0):
 garbage-first heap   total 63488K, used 39380K [0x00000000c2a00000, 0x0000000100000000)
  region size 1024K, 1 young (1024K), 1 survivors (1024K)
 Metaspace       used 55648K, capacity 56539K, committed 56748K, reserved 1099776K
  class space    used 7077K, capacity 7372K, committed 7424K, reserved 1048576K
}
Event: 203.186 GC heap before
{Heap before GC invocations=41 (full 0):
 garbage-first heap   total 63488K, used 51668K [0x00000000c2a00000, 0x0000000100000000)
  region size 1024K, 13 young (13312K), 1 survivors (1024K)
 Metaspace       used 55906K, capacity 56829K, committed 57004K, reserved 1099776K
  class space    used 7080K, capacity 7376K, committed 7424K, reserved 1048576K
}
Event: 203.189 GC heap after
{Heap after GC invocations=42 (full 0):
 garbage-first heap   total 63488K, used 39946K [0x00000000c2a00000, 0x0000000100000000)
  region size 1024K, 1 young (1024K), 1 survivors (1024K)
 Metaspace       used 55906K, capacity 56829K, committed 57004K, reserved 1099776K
  class space    used 7080K, capacity 7376K, committed 7424K, reserved 1048576K
}
Event: 203.594 GC heap before
{Heap before GC invocations=42 (full 0):
 garbage-first heap   total 63488K, used 52234K [0x00000000c2a00000, 0x0000000100000000)
  region size 1024K, 13 young (13312K), 1 survivors (1024K)
 Metaspace       used 56702K, capacity 57607K, committed 57900K, reserved 1099776K
  class space    used 7152K, capacity 7444K, committed 7552K, reserved 1048576K
}
Event: 203.598 GC heap after
{Heap after GC invocations=43 (full 0):
 garbage-first heap   total 63488K, used 40562K [0x00000000c2a00000, 0x0000000100000000)
  region size 1024K, 2 young (2048K), 2 survivors (2048K)
 Metaspace       used 56702K, capacity 57607K, committed 57900K, reserved 1099776K
  class space    used 7152K, capacity 7444K, committed 7552K, reserved 1048576K
}
Event: 207.302 GC heap before
{Heap before GC invocations=43 (full 0):
 garbage-first heap   total 63488K, used 51826K [0x00000000c2a00000, 0x0000000100000000)
  region size 1024K, 13 young (13312K), 2 survivors (2048K)
 Metaspace       used 57583K, capacity 58445K, committed 58796K, reserved 1099776K
  class space    used 7277K, capacity 7574K, committed 7680K, reserved 1048576K
}
Event: 207.308 GC heap after
{Heap after GC invocations=44 (full 0):
 garbage-first heap   total 63488K, used 40778K [0x00000000c2a00000, 0x0000000100000000)
  region size 1024K, 1 young (1024K), 1 survivors (1024K)
 Metaspace       used 57583K, capacity 58445K, committed 58796K, reserved 1099776K
  class space    used 7277K, capacity 7574K, committed 7680K, reserved 1048576K
}
Event: 208.327 GC heap before
{Heap before GC invocations=44 (full 0):
 garbage-first heap   total 63488K, used 53066K [0x00000000c2a00000, 0x0000000100000000)
  region size 1024K, 13 young (13312K), 1 survivors (1024K)
 Metaspace       used 58343K, capacity 59408K, committed 59564K, reserved 1101824K
  class space    used 7350K, capacity 7654K, committed 7680K, reserved 1048576K
}
Event: 208.334 GC heap after
{Heap after GC invocations=45 (full 0):
 garbage-first heap   total 63488K, used 41306K [0x00000000c2a00000, 0x0000000100000000)
  region size 1024K, 2 young (2048K), 2 survivors (2048K)
 Metaspace       used 58343K, capacity 59408K, committed 59564K, reserved 1101824K
  class space    used 7350K, capacity 7654K, committed 7680K, reserved 1048576K
}

