# JRE version: OpenJDK Runtime Environment (11.0.2+9) (build 11.0.2+9)
# Java VM: OpenJDK 64-Bit Server VM (11.0.2+9, mixed mode, tiered, compressed oops, g1 gc, windows-amd64)
Heap:
 garbage-first heap   total 92160K, used 53143K [0x00000000c2a00000, 0x0000000100000000)
  region size 1024K, 10 young (10240K), 2 survivors (2048K)
 Metaspace       used 56245K, capacity 57136K, committed 57344K, reserved 1103872K
  class space    used 7120K, capacity 7423K, committed 7424K, reserved 1048576K
GC Heap History (10 events):
Event: 32.387 GC heap before
{Heap before GC invocations=20 (full 0):
 garbage-first heap   total 92160K, used 70737K [0x00000000c2a00000, 0x0000000100000000)
  region size 1024K, 39 young (39936K), 2 survivors (2048K)
 Metaspace       used 43706K, capacity 44387K, committed 44672K, reserved 1087488K
  class space    used 5400K, capacity 5642K, committed 5760K, reserved 1048576K
}
Event: 32.396 GC heap after
{Heap after GC invocations=21 (full 0):
 garbage-first heap   total 92160K, used 36510K [0x00000000c2a00000, 0x0000000100000000)
  region size 1024K, 5 young (5120K), 5 survivors (5120K)
 Metaspace       used 43706K, capacity 44387K, committed 44672K, reserved 1087488K
  class space    used 5400K, capacity 5642K, committed 5760K, reserved 1048576K
}
Event: 34.351 GC heap before
{Heap before GC invocations=21 (full 0):
 garbage-first heap   total 92160K, used 71326K [0x00000000c2a00000, 0x0000000100000000)
  region size 1024K, 40 young (40960K), 5 survivors (5120K)
 Metaspace       used 47079K, capacity 47720K, committed 47872K, reserved 1091584K
  class space    used 5832K, capacity 6068K, committed 6144K, reserved 1048576K
}
Event: 34.367 GC heap after
{Heap after GC invocations=22 (full 0):
 garbage-first heap   total 92160K, used 37858K [0x00000000c2a00000, 0x0000000100000000)
  region size 1024K, 4 young (4096K), 4 survivors (4096K)
 Metaspace       used 47079K, capacity 47720K, committed 47872K, reserved 1091584K
  class space    used 5832K, capacity 6068K, committed 6144K, reserved 1048576K
}
Event: 35.986 GC heap before
{Heap before GC invocations=22 (full 0):
 garbage-first heap   total 92160K, used 73698K [0x00000000c2a00000, 0x0000000100000000)
  region size 1024K, 39 young (39936K), 4 survivors (4096K)
 Metaspace       used 49206K, capacity 49923K, committed 50176K, reserved 1093632K
  class space    used 6158K, capacity 6394K, committed 6400K, reserved 1048576K
}
Event: 35.998 GC heap after
{Heap after GC invocations=23 (full 0):
 garbage-first heap   total 92160K, used 38947K [0x00000000c2a00000, 0x0000000100000000)
  region size 1024K, 3 young (3072K), 3 survivors (3072K)
 Metaspace       used 49206K, capacity 49923K, committed 50176K, reserved 1093632K
  class space    used 6158K, capacity 6394K, committed 6400K, reserved 1048576K
}
Event: 37.938 GC heap before
{Heap before GC invocations=23 (full 0):
 garbage-first heap   total 92160K, used 74787K [0x00000000c2a00000, 0x0000000100000000)
  region size 1024K, 38 young (38912K), 3 survivors (3072K)
 Metaspace       used 52200K, capacity 52979K, committed 53248K, reserved 1095680K
  class space    used 6633K, capacity 6893K, committed 6912K, reserved 1048576K
}
Event: 37.952 GC heap after
{Heap after GC invocations=24 (full 0):
 garbage-first heap   total 92160K, used 39259K [0x00000000c2a00000, 0x0000000100000000)
  region size 1024K, 3 young (3072K), 3 survivors (3072K)
 Metaspace       used 52200K, capacity 52979K, committed 53248K, reserved 1095680K
  class space    used 6633K, capacity 6893K, committed 6912K, reserved 1048576K
}
Event: 39.788 GC heap before
{Heap before GC invocations=24 (full 0):
 garbage-first heap   total 92160K, used 77147K [0x00000000c2a00000, 0x0000000100000000)
  region size 1024K, 39 young (39936K), 3 survivors (3072K)
 Metaspace       used 54774K, capacity 55546K, committed 55680K, reserved 1097728K
  class space    used 6978K, capacity 7255K, committed 7296K, reserved 1048576K
}
Event: 39.799 GC heap after
{Heap after GC invocations=25 (full 0):
 garbage-first heap   total 92160K, used 43551K [0x00000000c2a00000, 0x0000000100000000)
  region size 1024K, 5 young (5120K), 5 survivors (5120K)
 Metaspace       used 54774K, capacity 55546K, committed 55680K, reserved 1097728K
  class space    used 6978K, capacity 7255K, committed 7296K, reserved 1048576K
}

